[    0.000000] Linux version 4.15.0-99-generic (buildd@lcy01-amd64-013) (gcc version 7.5.0 (Ubuntu 7.5.0-3ubuntu1~18.04)) #100-Ubuntu SMP Wed Apr 22 20:32:56 UTC 2020 (Ubuntu 4.15.0-99.100-generic 4.15.18)
[    0.000000] Command line: BOOT_IMAGE=/boot/vmlinuz-4.15.0-99-generic root=UUID=7b87abe3-072b-4d04-bc76-6bfa1aa31fd5 ro console=tty1 console=ttyS0
[    0.000000] KERNEL supported cpus:
[    0.000000]   Intel GenuineIntel
[    0.000000]   AMD AuthenticAMD
[    0.000000]   Centaur CentaurHauls
[    0.000000] x86/fpu: Supporting XSAVE feature 0x001: 'x87 floating point registers'
[    0.000000] x86/fpu: Supporting XSAVE feature 0x002: 'SSE registers'
[    0.000000] x86/fpu: Supporting XSAVE feature 0x004: 'AVX registers'
[    0.000000] x86/fpu: xstate_offset[2]:  576, xstate_sizes[2]:  256
[    0.000000] x86/fpu: Enabled xstate features 0x7, context size is 832 bytes, using 'standard' format.
[    0.000000] e820: BIOS-provided physical RAM map:
[    0.000000] BIOS-e820: [mem 0x0000000000000000-0x000000000009fbff] usable
[    0.000000] BIOS-e820: [mem 0x000000000009fc00-0x000000000009ffff] reserved
[    0.000000] BIOS-e820: [mem 0x00000000000f0000-0x00000000000fffff] reserved
[    0.000000] BIOS-e820: [mem 0x0000000000100000-0x000000007ffeffff] usable
[    0.000000] BIOS-e820: [mem 0x000000007fff0000-0x000000007fffffff] ACPI data
[    0.000000] BIOS-e820: [mem 0x00000000fec00000-0x00000000fec00fff] reserved
[    0.000000] BIOS-e820: [mem 0x00000000fee00000-0x00000000fee00fff] reserved
[    0.000000] BIOS-e820: [mem 0x00000000fffc0000-0x00000000ffffffff] reserved
[    0.000000] NX (Execute Disable) protection: active
[    0.000000] SMBIOS 2.5 present.
[    0.000000] DMI: innotek GmbH VirtualBox/VirtualBox, BIOS VirtualBox 12/01/2006
[    0.000000] Hypervisor detected: KVM
[    0.000000] e820: last_pfn = 0x7fff0 max_arch_pfn = 0x400000000
[    0.000000] MTRR: Disabled
[    0.000000] x86/PAT: MTRRs disabled, skipping PAT initialization too.
[    0.000000] CPU MTRRs all blank - virtualized system.
[    0.000000] x86/PAT: Configuration [0-7]: WB  WT  UC- UC  WB  WT  UC- UC  
[    0.000000] found SMP MP-table at [mem 0x0009fff0-0x0009ffff]
[    0.000000] Scanning 1 areas for low memory corruption
[    0.000000] RAMDISK: [mem 0x35959000-0x36ca3fff]
[    0.000000] ACPI: Early table checksum verification disabled
[    0.000000] ACPI: RSDP 0x00000000000E0000 000024 (v02 VBOX  )
[    0.000000] ACPI: XSDT 0x000000007FFF0030 00003C (v01 VBOX   VBOXXSDT 00000001 ASL  00000061)
[    0.000000] ACPI: FACP 0x000000007FFF00F0 0000F4 (v04 VBOX   VBOXFACP 00000001 ASL  00000061)
[    0.000000] ACPI: DSDT 0x000000007FFF0470 002325 (v02 VBOX   VBOXBIOS 00000002 INTL 20100528)
[    0.000000] ACPI: FACS 0x000000007FFF0200 000040
[    0.000000] ACPI: FACS 0x000000007FFF0200 000040
[    0.000000] ACPI: APIC 0x000000007FFF0240 00005C (v02 VBOX   VBOXAPIC 00000001 ASL  00000061)
[    0.000000] ACPI: SSDT 0x000000007FFF02A0 0001CC (v01 VBOX   VBOXCPUT 00000002 INTL 20100528)
[    0.000000] No NUMA configuration found
[    0.000000] Faking a node at [mem 0x0000000000000000-0x000000007ffeffff]
[    0.000000] NODE_DATA(0) allocated [mem 0x7ffc5000-0x7ffeffff]
[    0.000000] kvm-clock: cpu 0, msr 0:7ff44001, primary cpu clock
[    0.000000] kvm-clock: Using msrs 4b564d01 and 4b564d00
[    0.000000] kvm-clock: using sched offset of 3910333699 cycles
[    0.000000] clocksource: kvm-clock: mask: 0xffffffffffffffff max_cycles: 0x1cd42e4dffb, max_idle_ns: 881590591483 ns
[    0.000000] Zone ranges:
[    0.000000]   DMA      [mem 0x0000000000001000-0x0000000000ffffff]
[    0.000000]   DMA32    [mem 0x0000000001000000-0x000000007ffeffff]
[    0.000000]   Normal   empty
[    0.000000]   Device   empty
[    0.000000] Movable zone start for each node
[    0.000000] Early memory node ranges
[    0.000000]   node   0: [mem 0x0000000000001000-0x000000000009efff]
[    0.000000]   node   0: [mem 0x0000000000100000-0x000000007ffeffff]
[    0.000000] Reserved but unavailable: 98 pages
[    0.000000] Initmem setup node 0 [mem 0x0000000000001000-0x000000007ffeffff]
[    0.000000] ACPI: PM-Timer IO Port: 0x4008
[    0.000000] IOAPIC[0]: apic_id 2, version 32, address 0xfec00000, GSI 0-23
[    0.000000] ACPI: INT_SRC_OVR (bus 0 bus_irq 0 global_irq 2 dfl dfl)
[    0.000000] ACPI: INT_SRC_OVR (bus 0 bus_irq 9 global_irq 9 low level)
[    0.000000] Using ACPI (MADT) for SMP configuration information
[    0.000000] smpboot: Allowing 2 CPUs, 0 hotplug CPUs
[    0.000000] PM: Registered nosave memory: [mem 0x00000000-0x00000fff]
[    0.000000] PM: Registered nosave memory: [mem 0x0009f000-0x0009ffff]
[    0.000000] PM: Registered nosave memory: [mem 0x000a0000-0x000effff]
[    0.000000] PM: Registered nosave memory: [mem 0x000f0000-0x000fffff]
[    0.000000] e820: [mem 0x80000000-0xfebfffff] available for PCI devices
[    0.000000] Booting paravirtualized kernel on KVM
[    0.000000] clocksource: refined-jiffies: mask: 0xffffffff max_cycles: 0xffffffff, max_idle_ns: 7645519600211568 ns
[    0.000000] random: get_random_bytes called from start_kernel+0x99/0x4fd with crng_init=0
[    0.000000] setup_percpu: NR_CPUS:8192 nr_cpumask_bits:2 nr_cpu_ids:2 nr_node_ids:1
[    0.000000] percpu: Embedded 45 pages/cpu s147456 r8192 d28672 u1048576
[    0.000000] PV qspinlock hash table entries: 256 (order: 0, 4096 bytes)
[    0.000000] Built 1 zonelists, mobility grouping on.  Total pages: 515961
[    0.000000] Policy zone: DMA32
[    0.000000] Kernel command line: BOOT_IMAGE=/boot/vmlinuz-4.15.0-99-generic root=UUID=7b87abe3-072b-4d04-bc76-6bfa1aa31fd5 ro console=tty1 console=ttyS0
[    0.000000] Memory: 2014704K/2096696K available (12300K kernel code, 2481K rwdata, 4268K rodata, 2432K init, 2712K bss, 81992K reserved, 0K cma-reserved)
[    0.000000] SLUB: HWalign=64, Order=0-3, MinObjects=0, CPUs=2, Nodes=1
[    0.000000] Kernel/User page tables isolation: enabled
[    0.000000] ftrace: allocating 39364 entries in 154 pages
[    0.004000] Hierarchical RCU implementation.
[    0.004000] 	RCU restricting CPUs from NR_CPUS=8192 to nr_cpu_ids=2.
[    0.004000] 	Tasks RCU enabled.
[    0.004000] RCU: Adjusting geometry for rcu_fanout_leaf=16, nr_cpu_ids=2
[    0.004000] NR_IRQS: 524544, nr_irqs: 440, preallocated irqs: 16
[    0.004000] Console: colour VGA+ 80x25
[    0.004000] console [tty1] enabled
[    0.004000] console [ttyS0] enabled
[    0.004000] ACPI: Core revision 20170831
[    0.004000] ACPI: 2 ACPI AML tables successfully acquired and loaded
[    0.004000] APIC: Switch to symmetric I/O mode setup
[    0.004000] x2apic enabled
[    0.004000] Switched APIC routing to physical x2apic.
[    0.004000] ..TIMER: vector=0x30 apic1=0 pin1=2 apic2=-1 pin2=-1
[    0.004000] tsc: Detected 2303.998 MHz processor
[    0.004008] Calibrating delay loop (skipped) preset value.. 4607.99 BogoMIPS (lpj=9215992)
[    0.005362] pid_max: default: 32768 minimum: 301
[    0.006492] Security Framework initialized
[    0.008002] Yama: becoming mindful.
[    0.008974] AppArmor: AppArmor initialized
[    0.011368] Dentry cache hash table entries: 262144 (order: 9, 2097152 bytes)
[    0.012829] Inode-cache hash table entries: 131072 (order: 8, 1048576 bytes)
[    0.014076] Mount-cache hash table entries: 4096 (order: 3, 32768 bytes)
[    0.016004] Mountpoint-cache hash table entries: 4096 (order: 3, 32768 bytes)
[    0.017655] Last level iTLB entries: 4KB 64, 2MB 8, 4MB 8
[    0.018464] Last level dTLB entries: 4KB 64, 2MB 0, 4MB 0, 1GB 4
[    0.019386] Spectre V1 : Mitigation: usercopy/swapgs barriers and __user pointer sanitization
[    0.020002] Spectre V2 : Mitigation: Full generic retpoline
[    0.020858] Spectre V2 : Spectre v2 / SpectreRSB mitigation: Filling RSB on context switch
[    0.022742] Speculative Store Bypass: Vulnerable
[    0.024034] MDS: Mitigation: Clear CPU buffers
[    0.025199] Freeing SMP alternatives memory: 36K
[    0.136000] smpboot: CPU0: Intel(R) Core(TM) i9-9880H CPU @ 2.30GHz (family: 0x6, model: 0x9e, stepping: 0xd)
[    0.136000] Performance Events: unsupported p6 CPU model 158 no PMU driver, software events only.
[    0.136000] Hierarchical SRCU implementation.
[    0.136476] NMI watchdog: Perf event create on CPU 0 failed with -2
[    0.138495] NMI watchdog: Perf NMI watchdog permanently disabled
[    0.139688] smp: Bringing up secondary CPUs ...
[    0.140058] x86: Booting SMP configuration:
[    0.140708] .... node  #0, CPUs:      #1
[    0.004000] kvm-clock: cpu 1, msr 0:7ff44041, secondary cpu clock
[    0.144014] smp: Brought up 1 node, 2 CPUs
[    0.145006] smpboot: Max logical packages: 1
[    0.145998] smpboot: Total of 2 processors activated (9215.99 BogoMIPS)
[    0.148131] devtmpfs: initialized
[    0.149007] x86/mm: Memory block size: 128MB
[    0.150451] evm: security.selinux
[    0.151295] evm: security.SMACK64
[    0.152006] evm: security.SMACK64EXEC
[    0.152689] evm: security.SMACK64TRANSMUTE
[    0.153784] evm: security.SMACK64MMAP
[    0.154413] evm: security.apparmor
[    0.155069] evm: security.ima
[    0.156002] evm: security.capability
[    0.157230] clocksource: jiffies: mask: 0xffffffff max_cycles: 0xffffffff, max_idle_ns: 7645041785100000 ns
[    0.158279] futex hash table entries: 512 (order: 3, 32768 bytes)
[    0.160050] pinctrl core: initialized pinctrl subsystem
[    0.161015] RTC time: 19:27:18, date: 05/14/20
[    0.161810] NET: Registered protocol family 16
[    0.162550] audit: initializing netlink subsys (disabled)
[    0.164023] audit: type=2000 audit(1589484443.689:1): state=initialized audit_enabled=0 res=1
[    0.165345] cpuidle: using governor ladder
[    0.165345] cpuidle: using governor menu
[    0.168029] ACPI: bus type PCI registered
[    0.168770] acpiphp: ACPI Hot Plug PCI Controller Driver version: 0.5
[    0.170961] PCI: Using configuration type 1 for base access
[    0.173070] HugeTLB registered 2.00 MiB page size, pre-allocated 0 pages
[    0.176086] ACPI: Added _OSI(Module Device)
[    0.177042] ACPI: Added _OSI(Processor Device)
[    0.178018] ACPI: Added _OSI(3.0 _SCP Extensions)
[    0.179130] ACPI: Added _OSI(Processor Aggregator Device)
[    0.180003] ACPI: Added _OSI(Linux-Dell-Video)
[    0.180967] ACPI: Added _OSI(Linux-Lenovo-NV-HDMI-Audio)
[    0.181836] ACPI: Added _OSI(Linux-HPI-Hybrid-Graphics)
[    0.183365] ACPI: Executed 1 blocks of module-level executable AML code
[    0.186367] ACPI: Interpreter enabled
[    0.188010] ACPI: (supports S0 S5)
[    0.188940] ACPI: Using IOAPIC for interrupt routing
[    0.190625] PCI: Using host bridge windows from ACPI; if necessary, use "pci=nocrs" and report a bug
[    0.192166] ACPI: Enabled 2 GPEs in block 00 to 07
[    0.199415] ACPI: PCI Root Bridge [PCI0] (domain 0000 [bus 00-ff])
[    0.200006] acpi PNP0A03:00: _OSC: OS supports [ASPM ClockPM Segments MSI]
[    0.201948] acpi PNP0A03:00: _OSC: not requesting OS control; OS requires [ExtendedConfig ASPM ClockPM MSI]
[    0.204009] acpi PNP0A03:00: fail to add MMCONFIG information, can't access extended PCI configuration space under this bridge.
[    0.206296] PCI host bridge to bus 0000:00
[    0.206942] pci_bus 0000:00: root bus resource [io  0x0000-0x0cf7 window]
[    0.208002] pci_bus 0000:00: root bus resource [io  0x0d00-0xffff window]
[    0.209157] pci_bus 0000:00: root bus resource [mem 0x000a0000-0x000bffff window]
[    0.210283] pci_bus 0000:00: root bus resource [mem 0x80000000-0xfdffffff window]
[    0.211608] pci_bus 0000:00: root bus resource [bus 00-ff]
[    0.216077] pci 0000:00:01.1: legacy IDE quirk: reg 0x10: [io  0x01f0-0x01f7]
[    0.217687] pci 0000:00:01.1: legacy IDE quirk: reg 0x14: [io  0x03f6]
[    0.219095] pci 0000:00:01.1: legacy IDE quirk: reg 0x18: [io  0x0170-0x0177]
[    0.220002] pci 0000:00:01.1: legacy IDE quirk: reg 0x1c: [io  0x0376]
[    0.237525] pci 0000:00:07.0: quirk: [io  0x4000-0x403f] claimed by PIIX4 ACPI
[    0.239548] pci 0000:00:07.0: quirk: [io  0x4100-0x410f] claimed by PIIX4 SMB
[    0.246222] ACPI: PCI Interrupt Link [LNKA] (IRQs 5 9 10 *11)
[    0.247677] ACPI: PCI Interrupt Link [LNKB] (IRQs 5 9 *10 11)
[    0.248139] ACPI: PCI Interrupt Link [LNKC] (IRQs 5 *9 10 11)
[    0.249295] ACPI: PCI Interrupt Link [LNKD] (IRQs 5 9 10 *11)
[    0.250492] SCSI subsystem initialized
[    0.252038] pci 0000:00:02.0: vgaarb: setting as boot VGA device
[    0.253679] pci 0000:00:02.0: vgaarb: VGA device added: decodes=io+mem,owns=io+mem,locks=none
[    0.255144] pci 0000:00:02.0: vgaarb: bridge control possible
[    0.256010] vgaarb: loaded
[    0.256543] ACPI: bus type USB registered
[    0.257299] usbcore: registered new interface driver usbfs
[    0.258376] usbcore: registered new interface driver hub
[    0.259256] usbcore: registered new device driver usb
[    0.260042] EDAC MC: Ver: 3.0.0
[    0.260725] PCI: Using ACPI for IRQ routing
[    0.261259] NetLabel: Initializing
[    0.261866] NetLabel:  domain hash size = 128
[    0.264002] NetLabel:  protocols = UNLABELED CIPSOv4 CALIPSO
[    0.264984] NetLabel:  unlabeled traffic allowed by default
[    0.265904] clocksource: Switched to clocksource kvm-clock
[    0.275294] VFS: Disk quotas dquot_6.6.0
[    0.276542] VFS: Dquot-cache hash table entries: 512 (order 0, 4096 bytes)
[    0.278246] AppArmor: AppArmor Filesystem Enabled
[    0.278986] pnp: PnP ACPI init
[    0.280665] pnp: PnP ACPI: found 3 devices
[    0.289170] clocksource: acpi_pm: mask: 0xffffff max_cycles: 0xffffff, max_idle_ns: 2085701024 ns
[    0.291069] NET: Registered protocol family 2
[    0.291845] TCP established hash table entries: 16384 (order: 5, 131072 bytes)
[    0.292978] TCP bind hash table entries: 16384 (order: 6, 262144 bytes)
[    0.294052] TCP: Hash tables configured (established 16384 bind 16384)
[    0.295894] UDP hash table entries: 1024 (order: 3, 32768 bytes)
[    0.296825] UDP-Lite hash table entries: 1024 (order: 3, 32768 bytes)
[    0.297800] NET: Registered protocol family 1
[    0.298466] pci 0000:00:00.0: Limiting direct PCI/PCI transfers
[    0.299521] pci 0000:00:01.0: Activating ISA DMA hang workarounds
[    0.300475] pci 0000:00:02.0: Video device with shadowed ROM at [mem 0x000c0000-0x000dffff]
[    0.301813] Unpacking initramfs...
[    0.543785] Freeing initrd memory: 19756K
[    0.544833] clocksource: tsc: mask: 0xffffffffffffffff max_cycles: 0x2135f5e6f15, max_idle_ns: 440795231538 ns
[    0.547224] platform rtc_cmos: registered platform RTC device (no PNP device found)
[    0.548471] Scanning for low memory corruption every 60 seconds
[    0.550621] Initialise system trusted keyrings
[    0.551346] Key type blacklist registered
[    0.552113] workingset: timestamp_bits=36 max_order=19 bucket_order=0
[    0.554154] zbud: loaded
[    0.554981] squashfs: version 4.0 (2009/01/31) Phillip Lougher
[    0.556216] fuse init (API version 7.26)
[    0.558498] Key type asymmetric registered
[    0.559593] Asymmetric key parser 'x509' registered
[    0.560524] Block layer SCSI generic (bsg) driver version 0.4 loaded (major 246)
[    0.561724] io scheduler noop registered
[    0.562374] io scheduler deadline registered
[    0.563090] io scheduler cfq registered (default)
[    0.564201] ACPI: AC Adapter [AC] (on-line)
[    0.565138] input: Power Button as /devices/LNXSYSTM:00/LNXPWRBN:00/input/input0
[    0.567143] ACPI: Power Button [PWRF]
[    0.567782] input: Sleep Button as /devices/LNXSYSTM:00/LNXSLPBN:00/input/input1
[    0.568948] ACPI: Sleep Button [SLPF]
[    0.570637] ACPI: Battery Slot [BAT0] (battery present)
[    0.571684] Serial: 8250/16550 driver, 32 ports, IRQ sharing enabled
[    0.593860] 00:02: ttyS0 at I/O 0x3f8 (irq = 4, base_baud = 115200) is a 16550A
[    0.598698] Linux agpgart interface v0.103
[    0.600602] loop: module loaded
[    0.601483] scsi host0: ata_piix
[    0.602085] scsi host1: ata_piix
[    0.602619] ata1: PATA max UDMA/33 cmd 0x1f0 ctl 0x3f6 bmdma 0xd000 irq 14
[    0.603894] ata2: PATA max UDMA/33 cmd 0x170 ctl 0x376 bmdma 0xd008 irq 15
[    0.605344] libphy: Fixed MDIO Bus: probed
[    0.606105] tun: Universal TUN/TAP device driver, 1.6
[    0.607070] PPP generic driver version 2.4.2
[    0.608229] ehci_hcd: USB 2.0 'Enhanced' Host Controller (EHCI) Driver
[    0.609198] ehci-pci: EHCI PCI platform driver
[    0.609878] ehci-platform: EHCI generic platform driver
[    0.610660] ohci_hcd: USB 1.1 'Open' Host Controller (OHCI) Driver
[    0.611566] ohci-pci: OHCI PCI platform driver
[    0.612656] ohci-platform: OHCI generic platform driver
[    0.613651] uhci_hcd: USB Universal Host Controller Interface driver
[    0.614614] i8042: PNP: PS/2 Controller [PNP0303:PS2K,PNP0f03:PS2M] at 0x60,0x64 irq 1,12
[    0.616742] serio: i8042 KBD port at 0x60,0x64 irq 1
[    0.617509] serio: i8042 AUX port at 0x60,0x64 irq 12
[    0.618426] mousedev: PS/2 mouse device common for all mice
[    0.620516] input: AT Translated Set 2 keyboard as /devices/platform/i8042/serio0/input/input2
[    0.621944] rtc_cmos rtc_cmos: rtc core: registered rtc_cmos as rtc0
[    0.622920] rtc_cmos rtc_cmos: alarms up to one day, 114 bytes nvram
[    0.623858] i2c /dev entries driver
[    0.624459] device-mapper: uevent: version 1.0.3
[    0.625258] device-mapper: ioctl: 4.37.0-ioctl (2017-09-20) initialised: dm-devel@redhat.com
[    0.626633] ledtrig-cpu: registered to indicate activity on CPUs
[    0.627782] NET: Registered protocol family 10
[    0.631051] Segment Routing with IPv6
[    0.631649] NET: Registered protocol family 17
[    0.632402] Key type dns_resolver registered
[    0.633383] mce: Using 0 MCE banks
[    0.633928] RAS: Correctable Errors collector initialized.
[    0.634747] sched_clock: Marking stable (633364803, 0)->(794048864, -160684061)
[    0.636479] registered taskstats version 1
[    0.637111] Loading compiled-in X.509 certificates
[    0.639635] Loaded X.509 cert 'Build time autogenerated kernel key: 7480108fe56bba9284001dfb9078560125be4684'
[    0.641284] zswap: loaded using pool lzo/zbud
[    0.644488] Key type big_key registered
[    0.645095] Key type trusted registered
[    0.647303] Key type encrypted registered
[    0.647938] AppArmor: AppArmor sha1 policy hashing enabled
[    0.649433] ima: No TPM chip found, activating TPM-bypass! (rc=-19)
[    0.650516] ima: Allocated hash algorithm: sha1
[    0.651213] evm: HMAC attrs: 0x1
[    0.651919]   Magic number: 4:986:495
[    0.652958] rtc_cmos rtc_cmos: setting system clock to 2020-05-14 19:27:18 UTC (1589484438)
[    0.654421] BIOS EDD facility v0.16 2004-Jun-25, 0 devices found
[    0.656018] EDD information not available.
[    0.789818] Freeing unused kernel image memory: 2432K
[    0.909218] Write protecting the kernel read-only data: 20480k
[    0.911687] Freeing unused kernel image memory: 2008K
[    0.913130] Freeing unused kernel image memory: 1876K
[    0.921710] x86/mm: Checked W+X mappings: passed, no W+X pages found.
[    0.922905] x86/mm: Checking user space page tables
[    0.930418] x86/mm: Checked W+X mappings: passed, no W+X pages found.
Loading, please wait...
starting version 237
[    0.994577] Fusion MPT base driver 3.04.20
[    0.996167] Copyright (c) 1999-2008 LSI Corporation
[    0.998055] e1000: Intel(R) PRO/1000 Network Driver - version 7.3.21-k8-NAPI
[    0.999315] e1000: Copyright (c) 1999-2006 Intel Corporation.
[    1.017595] AVX2 version of gcm_enc/dec engaged.
[    1.018795] AES CTR mode by8 optimization enabled
[    1.032864] vboxvideo: loading out-of-tree module taints kernel.
[    1.034511] vboxvideo: module verification failed: signature and/or required key missing - tainting kernel
[    1.034743] Fusion MPT SPI Host driver 3.04.20
[    1.251985] input: ImExPS/2 Generic Explorer Mouse as /devices/platform/i8042/serio1/input/input4
[    1.571995] e1000 0000:00:03.0 eth0: (PCI:33MHz:32-bit) 02:cf:14:98:e9:22
[    1.573423] e1000 0000:00:03.0 eth0: Intel(R) PRO/1000 Network Connection
[    1.575461] [drm] VRAM 01000000
[    1.575871] e1000 0000:00:03.0 enp0s3: renamed from eth0
[    1.576348] [TTM] Zone  kernel: Available graphics memory: 1020406 kiB
[    1.578394] [TTM] Initializing pool allocator
[    1.579335] [TTM] Initializing DMA pool allocator
[    1.581565] fbcon: vboxdrmfb (fb0) is primary device
[    1.583021] Console: switching to colour frame buffer device 100x37
[    1.585556] vboxvideo 0000:00:02.0: fb0: vboxdrmfb frame buffer device
[    1.600240] [drm] Initialized vboxvideo 1.0.0 20130823 for 0000:00:02.0 on minor 0
[    1.603011] mptbase: ioc0: Initiating bringup
[    1.975618] ioc0: LSI53C1030 A0: Capabilities={Initiator}
[    3.102466] scsi host2: ioc0: LSI53C1030 A0, FwRev=00000000h, Ports=1, MaxQ=256, IRQ=20
[    4.052725] scsi 2:0:0:0: Direct-Access     VBOX     HARDDISK         1.0  PQ: 0 ANSI: 5
[    4.137225] scsi target2:0:0: Beginning Domain Validation
[    4.139273] scsi target2:0:0: Domain Validation skipping write tests
[    4.140173] scsi target2:0:0: Ending Domain Validation
[    4.140942] scsi target2:0:0: asynchronous
[    4.142017] scsi 2:0:1:0: Direct-Access     VBOX     HARDDISK         1.0  PQ: 0 ANSI: 5
[    4.586695] scsi target2:0:1: Beginning Domain Validation
[    4.590146] scsi target2:0:1: Domain Validation skipping write tests
[    4.591596] scsi target2:0:1: Ending Domain Validation
[    4.592548] scsi target2:0:1: asynchronous
[    4.597826] sd 2:0:0:0: Attached scsi generic sg0 type 0
[    4.598087] sd 2:0:0:0: [sda] 20971520 512-byte logical blocks: (10.7 GB/10.0 GiB)
[    4.601979] sd 2:0:1:0: Attached scsi generic sg1 type 0
[    4.602267] sd 2:0:1:0: [sdb] 20480 512-byte logical blocks: (10.5 MB/10.0 MiB)
[    4.604674] sd 2:0:1:0: [sdb] Write Protect is off
[    4.605639] sd 2:0:0:0: [sda] Write Protect is off
[    4.606981] random: fast init done
[    4.607724] sd 2:0:1:0: [sdb] Incomplete mode parameter data
[    4.609366] sd 2:0:1:0: [sdb] Assuming drive cache: write through
[    4.610847] sd 2:0:0:0: [sda] Incomplete mode parameter data
[    4.612242] sd 2:0:0:0: [sda] Assuming drive cache: write through
[    4.613280] random: systemd-udevd: uninitialized urandom read (16 bytes read)
[    4.614668] random: systemd-udevd: uninitialized urandom read (16 bytes read)
[    4.616194] random: systemd-udevd: uninitialized urandom read (16 bytes read)
[    4.619748]  sda: sda1
[    4.621830] sd 2:0:0:0: [sda] Attached SCSI disk
[    4.622811] sd 2:0:1:0: [sdb] Attached SCSI disk
Begin: Loading essential drivers ... [    4.772286] raid6: sse2x1   gen() 13259 MB/s
[    4.820115] raid6: sse2x1   xor()  8190 MB/s
[    4.868430] raid6: sse2x2   gen() 16776 MB/s
[    4.916165] raid6: sse2x2   xor() 11332 MB/s
[    4.964524] raid6: sse2x4   gen() 15879 MB/s
[    5.012809] raid6: sse2x4   xor() 10999 MB/s
[    5.060887] raid6: avx2x1   gen() 29265 MB/s
[    5.108359] raid6: avx2x1   xor() 16916 MB/s
[    5.156107] raid6: avx2x2   gen() 34235 MB/s
[    5.204708] raid6: avx2x2   xor() 22658 MB/s
[    5.254781] raid6: avx2x4   gen() 39831 MB/s
[    5.305375] raid6: avx2x4   xor() 22007 MB/s
[    5.306557] raid6: using algorithm avx2x4 gen() 39831 MB/s
[    5.308111] raid6: .... xor() 22007 MB/s, rmw enabled
[    5.308972] raid6: using avx2x2 recovery algorithm
[    5.310763] xor: automatically using best checksumming function   avx       
[    5.313155] async_tx: api initialized (async)
done.
Begin: Running /scripts/init-premount ... done.
Begin: Mounting root file system ... Begin: Running /scripts/local-top ... done.
Begin: Running /scripts/local-premount ... [    5.347138] Btrfs loaded, crc32c=crc32c-intel
Scanning for Btrfs filesystems
done.
Warning: fsck not present, so skipping root file system
[    5.371186] EXT4-fs (sda1): mounted filesystem with ordered data mode. Opts: (null)
done.
Begin: Running /scripts/local-bottom ... done.
Begin: Running /scripts/init-bottom ... done.
[    5.566405] ip_tables: (C) 2000-2006 Netfilter Core Team
[    5.574216] systemd[1]: systemd 237 running in system mode. (+PAM +AUDIT +SELINUX +IMA +APPARMOR +SMACK +SYSVINIT +UTMP +LIBCRYPTSETUP +GCRYPT +GNUTLS +ACL +XZ +LZ4 +SECCOMP +BLKID +ELFUTILS +KMOD -IDN2 +IDN -PCRE2 default-hierarchy=hybrid)
[    5.577795] systemd[1]: Detected virtualization oracle.
[    5.578779] systemd[1]: Detected architecture x86-64.

Welcome to [1mUbuntu 18.04.4 LTS[0m!

[    5.743081] systemd[1]: Set hostname to <ping>.
[    6.035411] systemd[1]: Reached target User and Group Name Lookups.
[[0;32m  OK  [0m] Reached target User and Group Name Lookups.
[    6.037268] systemd[1]: Started Forward Password Requests to Wall Directory Watch.
[[0;32m  OK  [0m] Started Forward Password Requests to Wall Directory Watch.
[    6.039551] systemd[1]: Reached target Swap.
[[0;32m  OK  [0m] Reached target Swap.
[    6.041722] systemd[1]: Created slice User and Session Slice.
[[0;32m  OK  [0m] Created slice User and Session Slice.
[    6.052737] systemd[1]: Reached target System Time Synchronized.
[[0;32m  OK  [0m] Reached target System Time Synchronized.
[    6.056212] systemd[1]: Set up automount Arbitrary Executable File Formats File System Automount Point.
[[0;32m  OK  [0m] Set up automount Arbitrary Executab…rmats File System Automount Point.
[[0;32m  OK  [0m] Created slice System Slice.
[[0;32m  OK  [0m] Listening on Journal Socket.
[[0;32m  OK  [0m] Listening on Device-mapper event daemon FIFOs.
[[0;32m  OK  [0m] Listening on Journal Audit Socket.
         Mounting Kernel Debug File System...
[[0;32m  OK  [0m] Listening on udev Kernel Socket.
         Starting Set the console keyboard layout...
         Starting Create list of required st…ce nodes for the current kernel...
         Starting Uncomplicated firewall...
[[0;32m  OK  [0m] Listening on Journal Socket (/dev/log).
         Starting Remount Root and Kernel File Systems...
         Starting Load Kernel Modules...
[[0;32m  OK  [0m] Listening on LVM2 poll daemon socket.
[    6.182827] EXT4-fs (sda1): re-mounted. Opts: (null)
[[0;32m  OK  [0m] Reached target Slices.
[[0;32m  OK  [0m] Listening on Network Service Netlink Socket.
[    6.194165] Loading iSCSI transport class v2.0-870.
[[0;32m  OK  [0m] Created slice system-serial\x2dgetty.slice.
[[0;32m  OK  [0m] Listening on udev Control Socket.
         Starting udev Coldplug all Devices...
[[0;32m  OK  [0m] Listening on Syslog Socket.
         Starting Journal Service...
         Mounting POSIX Message Queue File System...
[[0;32m  OK  [0m] Listening on /dev/initctl Compatibility Named Pipe.
[    6.206425] iscsi: registered transport (tcp)
[[0;32m  OK  [0m] Listening on LVM2 metadata daemon socket.
         Starting Monitoring of LVM2 mirrors…ng dmeventd or progress polling...
         Mounting Huge Pages File System...
[[0;32m  OK  [0m] Mounted Kernel Debug File System.
[[0;32m  OK  [0m] Started Journal Service.
[[0;32m  OK  [0m] Started Create list of required sta…vice nodes for the current kernel.
[[0;32m  OK  [0m] Started Uncomplicated firewall.
[[0;32m  OK  [0m] Started Remount Root and Kernel File Systems.
[[0;32m  OK  [0m] Mounted POSIX Message Queue File System.
[[0;32m  OK  [0m] Mounted Huge Pages File System.
[    6.275992] iscsi: registered transport (iser)
         Starting Load/Save Random Seed...
         Starting Create Static Device Nodes in /dev...
         Starting Flush Journal to Persistent Storage...
[[0;32m  OK  [0m] Started Load Kernel Modules.
[[0;32m  OK  [0m] Started udev Coldplug all Devices.
[[0;32m  OK  [0m] Started LVM2 metadata daemon.
         Mounting Kernel Configuration File System...
         Starting Apply Kernel Variables...
         Mounting FUSE Control File System...
[[0;32m  OK  [0m] Started Load/Save Random Seed.
[[0;32m  OK  [0m] Mounted Kernel Configuration File System.
[[0;32m  OK  [0m] Started Create Static Device Nodes in /dev.
[[0;32m  OK  [0m] Mounted FUSE Control File System.
         Starting udev Kernel Device Manager...
[[0;32m  OK  [0m] Started Monitoring of LVM2 mirrors,…sing dmeventd or progress polling.
[[0;32m  OK  [0m] Started Apply Kernel Variables.
[[0;32m  OK  [0m] Started udev Kernel Device Manager.
[[0;32m  OK  [0m] Started Flush Journal to Persistent Storage.
[[0;32m  OK  [0m] Found device /dev/ttyS0.
[[0;32m  OK  [0m] Listening on Load/Save RF Kill Switch Status /dev/rfkill Watch.
[[0;32m  OK  [0m] Started Set the console keyboard layout.
[[0;32m  OK  [0m] Reached target Local File Systems (Pre).
[[0;32m  OK  [0m] Reached target Local File Systems.
         Starting Tell Plymouth To Write Out Runtime Data...
         Starting Set console font and keymap...
         Starting ebtables ruleset management...
         Starting Create Volatile Files and Directories...
         Starting AppArmor initialization...
[[0;32m  OK  [0m] Started Dispatch Password Requests to Console Directory Watch.
[[0;32m  OK  [0m] Reached target Local Encrypted Volumes.
[[0;32m  OK  [0m] Started Tell Plymouth To Write Out Runtime Data.
[[0;32m  OK  [0m] Started Set console font and keymap.
[[0;32m  OK  [0m] Started Create Volatile Files and Directories.
         Starting Update UTMP about System Boot/Shutdown...
[[0;32m  OK  [0m] Started Update UTMP about System Boot/Shutdown.
[[0;32m  OK  [0m] Started ebtables ruleset management.
[[0;32m  OK  [0m] Started AppArmor initialization.
         Starting Initial cloud-init job (pre-networking)...
[    8.598037] cloud-init[760]: Cloud-init v. 19.4-33-gbb4131a2-0ubuntu1~18.04.1 running 'init-local' at Thu, 14 May 2020 19:27:26 +0000. Up 8.43 seconds.
[[0;32m  OK  [0m] Started Initial cloud-init job (pre-networking).
[[0;32m  OK  [0m] Reached target Network (Pre).
         Starting Network Service...
[[0;32m  OK  [0m] Started Network Service.
         Starting Wait for Network to be Configured...
         Starting Network Name Resolution...
[[0;32m  OK  [0m] Started Network Name Resolution.
[[0;32m  OK  [0m] Reached target Host and Network Name Lookups.
[[0;32m  OK  [0m] Started Wait for Network to be Configured.
         Starting Initial cloud-init job (metadata service crawler)...
[   11.013007] cloud-init[880]: Cloud-init v. 19.4-33-gbb4131a2-0ubuntu1~18.04.1 running 'init' at Thu, 14 May 2020 19:27:28 +0000. Up 10.88 seconds.
[   11.024446] cloud-init[880]: ci-info: ++++++++++++++++++++++++++++++++++++++Net device info++++++++++++++++++++++++++++++++++++++
[   11.025678] cloud-init[880]: ci-info: +--------+------+----------------------------+---------------+--------+-------------------+
[   11.027161] cloud-init[880]: ci-info: | Device |  Up  |          Address           |      Mask     | Scope  |     Hw-Address    |
[   11.029058] cloud-init[880]: ci-info: +--------+------+----------------------------+---------------+--------+-------------------+
[   11.030091] cloud-init[880]: ci-info: | enp0s3 | True |         10.0.2.15          | 255.255.255.0 | global | 02:cf:14:98:e9:22 |
[   11.031476] cloud-init[880]: ci-info: | enp0s3 | True | fe80::cf:14ff:fe98:e922/64 |       .       |  link  | 02:cf:14:98:e9:22 |
[   11.033223] cloud-init[880]: ci-info: |   lo   | True |         127.0.0.1          |   255.0.0.0   |  host  |         .         |
[   11.035095] cloud-init[880]: ci-info: |   lo   | True |          ::1/128           |       .       |  host  |         .         |
[   11.037052] cloud-init[880]: ci-info: +--------+------+----------------------------+---------------+--------+-------------------+
[   11.038844] cloud-init[880]: ci-info: ++++++++++++++++++++++++++++Route IPv4 info+++++++++++++++++++++++++++++
[   11.040144] cloud-init[880]: ci-info: +-------+-------------+----------+-----------------+-----------+-------+
[   11.040911] cloud-init[880]: ci-info: | Route | Destination | Gateway  |     Genmask     | Interface | Flags |
[   11.052264] cloud-init[880]: ci-info: +-------+-------------+----------+-----------------+-----------+-------+
[   11.064335] cloud-init[880]: ci-info: |   0   |   0.0.0.0   | 10.0.2.2 |     0.0.0.0     |   enp0s3  |   UG  |
[   11.080245] cloud-init[880]: ci-info: |   1   |   10.0.2.0  | 0.0.0.0  |  255.255.255.0  |   enp0s3  |   U   |
[   11.081454] cloud-init[880]: ci-info: |   2   |   10.0.2.2  | 0.0.0.0  | 255.255.255.255 |   enp0s3  |   UH  |
[   11.082618] cloud-init[880]: ci-info: +-------+-------------+----------+-----------------+-----------+-------+
[   11.084006] cloud-init[880]: ci-info: +++++++++++++++++++Route IPv6 info+++++++++++++++++++
[   11.085178] cloud-init[880]: ci-info: +-------+-------------+---------+-----------+-------+
[   11.086178] cloud-init[880]: ci-info: | Route | Destination | Gateway | Interface | Flags |
[   11.087073] cloud-init[880]: ci-info: +-------+-------------+---------+-----------+-------+
[   11.088198] cloud-init[880]: ci-info: |   1   |  fe80::/64  |    ::   |   enp0s3  |   U   |
[   11.089358] cloud-init[880]: ci-info: |   3   |    local    |    ::   |   enp0s3  |   U   |
[   11.090488] cloud-init[880]: ci-info: |   4   |   ff00::/8  |    ::   |   enp0s3  |   U   |
[   11.091626] cloud-init[880]: ci-info: +-------+-------------+---------+-----------+-------+
[[0;32m  OK  [0m] Started Initial cloud-init job (metadata service crawler).
[[0;32m  OK  [0m] Reached target Cloud-config availability.
[[0;32m  OK  [0m] Reached target System Initialization.
[[0;32m  OK  [0m] Started Daily Cleanup of Temporary Directories.
         Starting LXD - unix socket.
[[0;32m  OK  [0m] Started Message of the Day.
[[0;32m  OK  [0m] Listening on D-Bus System Message Bus Socket.
[[0;32m  OK  [0m] Listening on UUID daemon activation socket.
[[0;32m  OK  [0m] Started ACPI Events Check.
         Starting Socket activation for snappy daemon.
[[0;32m  OK  [0m] Started Daily apt download activities.
[[0;32m  OK  [0m] Started Daily apt upgrade and clean activities.
[[0;32m  OK  [0m] Reached target Paths.
[[0;32m  OK  [0m] Started Discard unused blocks once a week.
[[0;32m  OK  [0m] Reached target Timers.
[[0;32m  OK  [0m] Listening on Open-iSCSI iscsid Socket.
[[0;32m  OK  [0m] Listening on ACPID Listen Socket.
[[0;32m  OK  [0m] Listening on LXD - unix socket.
[[0;32m  OK  [0m] Listening on Socket activation for snappy daemon.
[[0;32m  OK  [0m] Reached target Sockets.
[[0;32m  OK  [0m] Reached target Basic System.
         Starting Login Service...
         Starting Dispatcher daemon for systemd-networkd...
         Starting vboxadd.service...
         Starting System Logging Service...
         Starting LSB: Record successful boot for GRUB...
[[0;32m  OK  [0m] Started D-Bus System Message Bus.
[[0;32m  OK  [0m] Started Login Service.
[[0;32m  OK  [0m] Started Regular background program processing daemon.
         Starting Snappy daemon...
[[0;32m  OK  [0m] Started irqbalance daemon.
         Starting LXD - container startup/shutdown...
[[0;32m  OK  [0m] Started Deferred execution scheduler.
[[0;32m  OK  [0m] Started FUSE filesystem for LXC.
         Starting Accounts Service...
[[0;32m  OK  [0m] Reached target Network.
[[0;32m  OK  [0m] Started Unattended Upgrades Shutdown.
[[0;32m  OK  [0m] Reached target Network is Online.
         Starting Availability of block devices...
[[0;32m  OK  [0m] Reached target Remote File Systems (Pre).
[[0;32m  OK  [0m] Reached target Remote File Systems.
         Starting LSB: automatic crash report generation...
         Starting The Apache HTTP Server...
         Starting Permit User Sessions...
         Starting Simple Network Management Protocol (SNMP) Daemon....
         Starting OpenBSD Secure Shell server...
[[0;32m  OK  [0m] Started System Logging Service.
[[0;32m  OK  [0m] Started Dispatcher daemon for systemd-networkd.
[[0;32m  OK  [0m] Started Availability of block devices.
[[0;32m  OK  [0m] Started Permit User Sessions.
[[0;32m  OK  [0m] Started Simple Network Management Protocol (SNMP) Daemon..
         Starting Authorization Manager...
         Starting Hold until boot process finishes up...
         Starting Terminate Plymouth Boot Screen...
[[0;32m  OK  [0m] Started Hold until boot process finishes up.
[[0;32m  OK  [0m] Started Serial Getty on ttyS0.
         Starting Set console scheme...
[[0;32m  OK  [0m] Started OpenBSD Secure Shell server.
[[0;32m  OK  [0m] Started Terminate Plymouth Boot Screen.
[[0;32m  OK  [0m] Started Set console scheme.
[[0;32m  OK  [0m] Created slice system-getty.slice.
[[0;32m  OK  [0m] Started Getty on tty1.
[[0;32m  OK  [0m] Reached target Login Prompts.
[[0;32m  OK  [0m] Started LSB: automatic crash report generation.
[[0;32m  OK  [0m] Started Authorization Manager.
[[0;32m  OK  [0m] Started Accounts Service.
[[0;32m  OK  [0m] Started LXD - container startup/shutdown.
[[0;32m  OK  [0m] Created slice User Slice of vagrant.
[[0;32m  OK  [0m] Started LSB: Record successful boot for GRUB.
[[0;32m  OK  [0m] Started Session 1 of user vagrant.
         Starting User Manager for UID 1000...
[[0;32m  OK  [0m] Started The Apache HTTP Server.
[[0;32m  OK  [0m] Started Snappy daemon.
         Starting Wait until snapd is fully seeded...
[[0;32m  OK  [0m] Started Wait until snapd is fully seeded.
         Starting Apply the settings specified in cloud-config...
[[0;32m  OK  [0m] Started User Manager for UID 1000.
[[0;32m  OK  [0m] Started vboxadd.service.
[   13.162481] cloud-init[1496]: Cloud-init v. 19.4-33-gbb4131a2-0ubuntu1~18.04.1 running 'modules:config' at Thu, 14 May 2020 19:27:30 +0000. Up 13.03 seconds.
         Starting vboxadd-service.service...
[[0;32m  OK  [0m] Started Apply the settings specified in cloud-config.
[[0;32m  OK  [0m] Started vboxadd-service.service.
[[0;32m  OK  [0m] Reached target Multi-User System.
         Starting Execute cloud user/final scripts...
[[0;32m  OK  [0m] Reached target Graphical Interface.
         Starting Update UTMP about System Runlevel Changes...
[[0;32m  OK  [0m] Started Update UTMP about System Runlevel Changes.
[   13.828880] cloud-init[1665]: Cloud-init v. 19.4-33-gbb4131a2-0ubuntu1~18.04.1 running 'modules:final' at Thu, 14 May 2020 19:27:31 +0000. Up 13.67 seconds.
[   13.830027] cloud-init[1665]: Cloud-init v. 19.4-33-gbb4131a2-0ubuntu1~18.04.1 finished at Thu, 14 May 2020 19:27:31 +0000. Datasource DataSourceNoCloud [seed=/dev/sdb][dsmode=net].  Up 13.82 seconds
[[0;32m  OK  [0m] Started Execute cloud user/final scripts.
[[0;32m  OK  [0m] Reached target Cloud-init target.

Ubuntu 18.04.4 LTS ping ttyS0

ping login: [[0;32m  OK  [0m] Closed Load/Save RF Kill Switch Status /dev/rfkill Watch.
         Stopping LSB: Start the core-daemon CORE daemon at boot time...
[[0;32m  OK  [0m] Stopped target Cloud-init target.
         Stopping Authorization Manager...
[[0;32m  OK  [0m] Stopped Execute cloud user/final scripts.
[[0;32m  OK  [0m] Stopped Apply the settings specified in cloud-config.
         Stopping Availability of block devices...
         Stopping Session 7 of user vagrant.
         Stopping User Manager for UID 1000...
[[0;32m  OK  [0m] Stopped target Graphical Interface.
[[0;32m  OK  [0m] Stopped target Multi-User System.
         Stopping The Apache HTTP Server...
         Stopping Simple Network Management Protocol (SNMP) Daemon....
         Stopping Deferred execution scheduler...
         Stopping LXD - container startup/shutdown...
         Stopping Regular background program processing daemon...
         Stopping LSB: automatic crash report generation...
         Stopping FUSE filesystem for LXC...
         Stopping OpenBSD Secure Shell server...
[[0;32m  OK  [0m] Stopped Wait until snapd is fully seeded.
         Stopping Dispatcher daemon for systemd-networkd...
         Stopping System Logging Service...
         Stopping vboxadd-service.service...
         Stopping LSB: Record successful boot for GRUB...
[[0;32m  OK  [0m] Stopped target Login Prompts.
         Stopping Serial Getty on ttyS0...
         Stopping Getty on tty1...
[[0;32m  OK  [0m] Stopped target Cloud-config availability.
         Stopping irqbalance daemon...
[[0;32m  OK  [0m] Stopped target Timers.
[[0;32m  OK  [0m] Stopped Message of the Day.
[[0;32m  OK  [0m] Stopped Daily apt upgrade and clean activities.
[[0;32m  OK  [0m] Stopped Daily apt download activities.
[[0;32m  OK  [0m] Stopped Daily Cleanup of Temporary Directories.
[[0;32m  OK  [0m] Stopped Discard unused blocks once a week.
[[0;32m  OK  [0m] Stopped target System Time Synchronized.
         Stopping Accounts Service...
         Stopping D-Bus System Message Bus...
[[0;32m  OK  [0m] Unmounted /var/lib/lxcfs.
[[0;32m  OK  [0m] Stopped Dispatcher daemon for systemd-networkd.
[[0;32m  OK  [0m] Stopped System Logging Service.
[[0;32m  OK  [0m] Stopped Regular background program processing daemon.
[[0;32m  OK  [0m] Stopped irqbalance daemon.
[[0;32m  OK  [0m] Stopped Deferred execution scheduler.
[[0;32m  OK  [0m] Stopped Simple Network Management Protocol (SNMP) Daemon..
[[0;32m  OK  [0m] Stopped Accounts Service.
[[0;32m  OK  [0m] Stopped OpenBSD Secure Shell server.
[[0;32m  OK  [0m] Stopped Authorization Manager.
[[0;32m  OK  [0m] Stopped Serial Getty on ttyS0.
[[0;32m  OK  [0m] Stopped Getty on tty1.
[[0;32m  OK  [0m] Stopped User Manager for UID 1000.
[[0;32m  OK  [0m] Stopped FUSE filesystem for LXC.
[[0;32m  OK  [0m] Stopped D-Bus System Message Bus.
[[0;32m  OK  [0m] Stopped Availability of block devices.
[[0;32m  OK  [0m] Stopped Session 7 of user vagrant.
[[0;32m  OK  [0m] Removed slice User Slice of vagrant.
         Stopping Login Service...
[[0;32m  OK  [0m] Removed slice system-getty.slice.
[[0;32m  OK  [0m] Removed slice system-serial\x2dgetty.slice.
         Stopping Permit User Sessions...
[[0;32m  OK  [0m] Stopped Permit User Sessions.
[[0;32m  OK  [0m] Stopped LXD - container startup/shutdown.
[[0;32m  OK  [0m] Stopped vboxadd-service.service.
         Stopping vboxadd.service...
[[0;32m  OK  [0m] Stopped LSB: Record successful boot for GRUB.
[[0;32m  OK  [0m] Stopped Login Service.
[[0;32m  OK  [0m] Stopped LSB: automatic crash report generation.
[[0;32m  OK  [0m] Stopped The Apache HTTP Server.
[[0;32m  OK  [0m] Stopped target Host and Network Name Lookups.
[[0;32m  OK  [0m] Stopped target User and Group Name Lookups.
[[0;32m  OK  [0m] Unmounted /vagrant.
[[0;32m  OK  [0m] Stopped vboxadd.service.
[[0;32m  OK  [0m] Stopped LSB: Start the core-daemon CORE daemon at boot time.
[[0;32m  OK  [0m] Stopped target Basic System.
[[0;32m  OK  [0m] Stopped target Sockets.
[[0;32m  OK  [0m] Closed LXD - unix socket.
[[0;32m  OK  [0m] Closed D-Bus System Message Bus Socket.
[[0;32m  OK  [0m] Closed Open-iSCSI iscsid Socket.
[[0;32m  OK  [0m] Closed UUID daemon activation socket.
[[0;32m  OK  [0m] Closed Socket activation for snappy daemon.
[[0;32m  OK  [0m] Closed Syslog Socket.
[[0;32m  OK  [0m] Closed ACPID Listen Socket.
[[0;32m  OK  [0m] Stopped target Paths.
[[0;32m  OK  [0m] Stopped ACPI Events Check.
[[0;32m  OK  [0m] Stopped target Slices.
[[0;32m  OK  [0m] Removed slice User and Session Slice.
[[0;32m  OK  [0m] Stopped target System Initialization.
         Stopping Load/Save Random Seed...
[[0;32m  OK  [0m] Stopped target Local Encrypted Volumes.
[[0;32m  OK  [0m] Stopped Dispatch Password Requests to Console Directory Watch.
[[0;32m  OK  [0m] Stopped Forward Password Requests to Wall Directory Watch.
         Stopping Update UTMP about System Boot/Shutdown...
[[0;32m  OK  [0m] Stopped target Remote File Systems.
[[0;32m  OK  [0m] Stopped target Remote File Systems (Pre).
[[0;32m  OK  [0m] Stopped target Network is Online.
[[0;32m  OK  [0m] Stopped target Network.
         Stopping Network Name Resolution...
[[0;32m  OK  [0m] Stopped Initial cloud-init job (metadata service crawler).
[[0;32m  OK  [0m] Stopped Wait for Network to be Configured.
[[0;32m  OK  [0m] Stopped Load/Save Random Seed.
[[0;32m  OK  [0m] Stopped Update UTMP about System Boot/Shutdown.
[[0;32m  OK  [0m] Stopped Network Name Resolution.
         Stopping Network Service...
[[0;32m  OK  [0m] Stopped Create Volatile Files and Directories.
[[0;32m  OK  [0m] Stopped target Local File Systems.
         Unmounting /run/user/1000...
[[0;32m  OK  [0m] Unmounted /run/user/1000.
[[0;32m  OK  [0m] Stopped Network Service.
[[0;32m  OK  [0m] Stopped Apply Kernel Variables.
[[0;32m  OK  [0m] Stopped Load Kernel Modules.
[[0;32m  OK  [0m] Stopped target Network (Pre).
[[0;32m  OK  [0m] Stopped Initial cloud-init job (pre-networking).
[[0;32m  OK  [0m] Reached target Unmount All Filesystems.
[[0;32m  OK  [0m] Stopped target Local File Systems (Pre).
[[0;32m  OK  [0m] Stopped Remount Root and Kernel File Systems.
[[0;32m  OK  [0m] Stopped Create Static Device Nodes in /dev.
         Stopping Monitoring of LVM2 mirrors…ng dmeventd or progress polling...
[[0;32m  OK  [0m] Stopped target Swap.
[[0;32m  OK  [0m] Reached target Shutdown.
[[0;32m  OK  [0m] Reached target Final Step.
         Starting Power-Off...
[ 1809.419406] reboot: Power down
